<?xml version="1.0" encoding="UTF-8"?>
<robot generator="Robot 4.1.3 (Python 3.10.1 on win32)" generated="20211230 12:52:20.971" rpa="false" schemaversion="2">
<suite id="s1" name="TC01" source="E:\RobotProject\TestCases\TC01.robot">
<test id="s1-t1" name="TC002 Bowoser open and close">
<kw name="Createfolder" library="userkeyword">
<status status="PASS" starttime="20211230 12:52:21.662" endtime="20211230 12:52:21.662"/>
</kw>
<kw name="Open Browser" library="SeleniumLibrary">
<arg>${URL}</arg>
<arg>${Browser}</arg>
<doc>Opens a new browser instance to the optional ``url``.</doc>
<msg timestamp="20211230 12:52:21.663" level="INFO">Opening browser 'Chrome' to base url 'https://www.thetestingworld.com/testings'.</msg>
<status status="PASS" starttime="20211230 12:52:21.663" endtime="20211230 12:52:30.995"/>
</kw>
<kw name="Maximize Browser Window" library="SeleniumLibrary">
<doc>Maximizes current browser window.</doc>
<status status="PASS" starttime="20211230 12:52:30.996" endtime="20211230 12:52:31.364"/>
</kw>
<kw name="Enter Username and Password">
<arg>damodar</arg>
<arg>da@hcl.com</arg>
<kw name="Input Text" library="SeleniumLibrary">
<arg>name:fld_username</arg>
<arg>${username}</arg>
<doc>Types the given ``text`` into the text field identified by ``locator``.</doc>
<msg timestamp="20211230 12:52:31.366" level="INFO">Typing text 'damodar' into text field 'name:fld_username'.</msg>
<status status="PASS" starttime="20211230 12:52:31.365" endtime="20211230 12:52:31.547"/>
</kw>
<kw name="Input Text" library="SeleniumLibrary">
<arg>xpath://*[@*='fld_email']</arg>
<arg>${email}</arg>
<doc>Types the given ``text`` into the text field identified by ``locator``.</doc>
<msg timestamp="20211230 12:52:31.547" level="INFO">Typing text 'da@hcl.com' into text field 'xpath://*[@*='fld_email']'.</msg>
<status status="PASS" starttime="20211230 12:52:31.547" endtime="20211230 12:52:31.713"/>
</kw>
<kw name="Log" library="BuiltIn">
<arg>${name}</arg>
<doc>Logs the given message with the given level.</doc>
<msg timestamp="20211230 12:52:31.713" level="INFO">damodar</msg>
<status status="PASS" starttime="20211230 12:52:31.713" endtime="20211230 12:52:31.714"/>
</kw>
<for flavor="IN">
<var>${i}</var>
<value>10</value>
<iter>
<var name="${i}">10</var>
<kw name="Log To Console" library="BuiltIn">
<arg>Welcome</arg>
<doc>Logs the given message to the console.</doc>
<status status="PASS" starttime="20211230 12:52:31.714" endtime="20211230 12:52:31.715"/>
</kw>
<status status="PASS" starttime="20211230 12:52:31.714" endtime="20211230 12:52:31.715"/>
</iter>
<status status="PASS" starttime="20211230 12:52:31.714" endtime="20211230 12:52:31.715"/>
</for>
<kw name="***Keywords ***">
<msg timestamp="20211230 12:52:31.725" level="FAIL">No keyword with name '***Keywords ***' found.</msg>
<status status="FAIL" starttime="20211230 12:52:31.725" endtime="20211230 12:52:31.725"/>
</kw>
<kw name="Createfolder" library="userkeyword">
<status status="NOT RUN" starttime="20211230 12:52:31.726" endtime="20211230 12:52:31.727"/>
</kw>
<kw name="Createfolder" library="userkeyword">
<status status="NOT RUN" starttime="20211230 12:52:31.727" endtime="20211230 12:52:31.727"/>
</kw>
<status status="FAIL" starttime="20211230 12:52:31.365" endtime="20211230 12:52:31.728"/>
</kw>
<kw name="Set Selenium Speed" library="SeleniumLibrary">
<arg>2seconds</arg>
<doc>Sets the delay that is waited after each Selenium command.</doc>
<status status="NOT RUN" starttime="20211230 12:52:31.728" endtime="20211230 12:52:31.729"/>
</kw>
<kw name="Select From List By Index" library="SeleniumLibrary">
<arg>name:sex</arg>
<arg>1</arg>
<doc>Selects options from selection list ``locator`` by ``indexes``.</doc>
<status status="NOT RUN" starttime="20211230 12:52:31.729" endtime="20211230 12:52:31.729"/>
</kw>
<kw name="Select From List By Value" library="SeleniumLibrary">
<arg>name:sex</arg>
<arg>2</arg>
<doc>Selects options from selection list ``locator`` by ``values``.</doc>
<status status="NOT RUN" starttime="20211230 12:52:31.729" endtime="20211230 12:52:31.729"/>
</kw>
<kw name="Close Browser" library="SeleniumLibrary">
<doc>Closes the current browser.</doc>
<status status="NOT RUN" starttime="20211230 12:52:31.730" endtime="20211230 12:52:31.730"/>
</kw>
<status status="FAIL" starttime="20211230 12:52:21.660" endtime="20211230 12:52:31.730">No keyword with name '***Keywords ***' found.</status>
</test>
<status status="FAIL" starttime="20211230 12:52:20.976" endtime="20211230 12:52:31.732"/>
</suite>
<statistics>
<total>
<stat pass="0" fail="1" skip="0">All Tests</stat>
</total>
<tag>
</tag>
<suite>
<stat pass="0" fail="1" skip="0" id="s1" name="TC01">TC01</stat>
</suite>
</statistics>
<errors>
</errors>
</robot>
